<?xml version="1.0" encoding="UTF-8"?>
<!-- Generated by org.testng.reporters.JUnitXMLReporter -->
<testsuite ignored="0" hostname="LT-LP-153" failures="1" tests="1" name="Mobile test" time="1.281" errors="0" timestamp="2024-04-02T20:31:57 IST">
  <testcase classname="com.zebrunner.carina.demo.pages.MobileSampleTest" name="AndroidApp" time="0.982">
    <failure type="java.lang.RuntimeException" message="java.net.URISyntaxException: Illegal character in authority at index 9: https://${LT_USERNAME}:${LT_ACCESS_KEY}pAR@mobile-hub.lambdatest.com/wd/hub">
      <![CDATA[java.lang.RuntimeException: java.net.URISyntaxException: Illegal character in authority at index 9: https://${LT_USERNAME}:${LT_ACCESS_KEY}pAR@mobile-hub.lambdatest.com/wd/hub
at io.appium.java_client.AppiumClientConfig.baseUrl(AppiumClientConfig.java:136)
at com.zebrunner.carina.webdriver.core.factory.impl.MobileFactory.create(MobileFactory.java:109)
at com.zebrunner.carina.webdriver.core.factory.DriverFactory.create(DriverFactory.java:89)
at com.zebrunner.carina.webdriver.IDriverPool.createDriver(IDriverPool.java:376)
at com.zebrunner.carina.webdriver.IDriverPool.getDriver(IDriverPool.java:122)
at com.zebrunner.carina.webdriver.IDriverPool.getDriver(IDriverPool.java:85)
at com.zebrunner.carina.webdriver.IDriverPool.getDriver(IDriverPool.java:73)
at com.zebrunner.carina.demo.pages.MobileSampleTest.AndroidApp(MobileSampleTest.java:41)
at java.base/java.util.concurrent.ThreadPoolExecutor.runWorker(ThreadPoolExecutor.java:1144)
at java.base/java.util.concurrent.ThreadPoolExecutor$Worker.run(ThreadPoolExecutor.java:642)
at java.base/java.lang.Thread.run(Thread.java:1570)
Caused by: java.net.URISyntaxException: Illegal character in authority at index 9: https://${LT_USERNAME}:${LT_ACCESS_KEY}pAR@mobile-hub.lambdatest.com/wd/hub
at java.base/java.net.URI$Parser.fail(URI.java:2995)
at java.base/java.net.URI$Parser.parseAuthority(URI.java:3344)
at java.base/java.net.URI$Parser.parseHierarchical(URI.java:3240)
at java.base/java.net.URI$Parser.parse(URI.java:3196)
at java.base/java.net.URI.<init>(URI.java:645)
at java.base/java.net.URL.toURI(URL.java:1220)
at io.appium.java_client.AppiumClientConfig.baseUrl(AppiumClientConfig.java:134)
... 20 more
... Removed 10 stack frames]]>
    </failure>
  </testcase> <!-- AndroidApp -->
</testsuite> <!-- Mobile test -->
