<?xml version="1.0" encoding="UTF-8"?>
<testsuite xmlns:xsi="http://www.w3.org/2001/XMLSchema-instance" xsi:noNamespaceSchemaLocation="https://maven.apache.org/surefire/maven-surefire-plugin/xsd/surefire-test-report-3.0.xsd" version="3.0" name="TestSuite" time="4.614" tests="1" errors="0" skipped="0" failures="1">
  <properties>
[...]
</properties>
  <testcase name="AndroidApp" classname="com.zebrunner.carina.demo.pages.MobileSampleTest" time="1.257">
    <failure message="java.net.URISyntaxException: Illegal character in authority at index 9: https://${LT_USERNAME}:${LT_ACCESS_KEY}pAR@mobile-hub.lambdatest.com/wd/hub" type="java.lang.RuntimeException"><![CDATA[java.lang.RuntimeException: java.net.URISyntaxException: Illegal character in authority at index 9: https://${LT_USERNAME}:${LT_ACCESS_KEY}pAR@mobile-hub.lambdatest.com/wd/hub
	at io.appium.java_client.AppiumClientConfig.baseUrl(AppiumClientConfig.java:136)
	at com.zebrunner.carina.webdriver.core.factory.impl.MobileFactory.create(MobileFactory.java:109)
	at com.zebrunner.carina.webdriver.core.factory.DriverFactory.create(DriverFactory.java:89)
	at com.zebrunner.carina.webdriver.IDriverPool.createDriver(IDriverPool.java:376)
	at com.zebrunner.carina.webdriver.IDriverPool.getDriver(IDriverPool.java:122)
	at com.zebrunner.carina.webdriver.IDriverPool.getDriver(IDriverPool.java:85)
	at com.zebrunner.carina.webdriver.IDriverPool.getDriver(IDriverPool.java:73)
	at com.zebrunner.carina.demo.pages.MobileSampleTest.AndroidApp(MobileSampleTest.java:41)
	at java.base/jdk.internal.reflect.DirectMethodHandleAccessor.invoke(DirectMethodHandleAccessor.java:103)
	at java.base/java.lang.reflect.Method.invoke(Method.java:580)
	at org.testng.internal.invokers.MethodInvocationHelper.invokeMethod(MethodInvocationHelper.java:139)
	at org.testng.internal.invokers.TestInvoker.invokeMethod(TestInvoker.java:664)
	at org.testng.internal.invokers.TestInvoker.invokeTestMethod(TestInvoker.java:227)
	at org.testng.internal.invokers.MethodRunner.runInSequence(MethodRunner.java:50)
	at org.testng.internal.invokers.TestInvoker$MethodInvocationAgent.invoke(TestInvoker.java:957)
	at org.testng.internal.invokers.TestInvoker.invokeTestMethods(TestInvoker.java:200)
	at org.testng.internal.invokers.TestMethodWorker.invokeTestMethods(TestMethodWorker.java:148)
	at org.testng.internal.invokers.TestMethodWorker.run(TestMethodWorker.java:128)
	at java.base/java.util.concurrent.ThreadPoolExecutor.runWorker(ThreadPoolExecutor.java:1144)
	at java.base/java.util.concurrent.ThreadPoolExecutor$Worker.run(ThreadPoolExecutor.java:642)
	at java.base/java.lang.Thread.run(Thread.java:1570)
Caused by: java.net.URISyntaxException: Illegal character in authority at index 9: https://${LT_USERNAME}:${LT_ACCESS_KEY}pAR@mobile-hub.lambdatest.com/wd/hub
	at java.base/java.net.URI$Parser.fail(URI.java:2995)
	at java.base/java.net.URI$Parser.parseAuthority(URI.java:3344)
	at java.base/java.net.URI$Parser.parseHierarchical(URI.java:3240)
	at java.base/java.net.URI$Parser.parse(URI.java:3196)
	at java.base/java.net.URI.<init>(URI.java:645)
	at java.base/java.net.URL.toURI(URL.java:1220)
	at io.appium.java_client.AppiumClientConfig.baseUrl(AppiumClientConfig.java:134)
	... 20 more
]]></failure>
    <system-out><![CDATA[2024-04-02 20:31:54 CarinaListener [main] [INFO] 
============= Basic configuration =============
env=DEMO
=========== WebDriver configuration ===========
locale=en_GB
-------------- Driver capabilities ------------
============= Report configuration ============
app_version=1.0.0
============= Test configuration ==============
custom_capabilities=lambdatest-android.properties
===============================================

2024-04-02 20:31:54 CapabilitiesLoader [main-1] [INFO] Loading capabilities to global context from lambdatest-android.properties
2024-04-02 20:31:54 CapabilitiesLoader [main-1] [INFO] Custom capabilities properties loaded: 'lambdatest-android.properties'
2024-04-02 20:31:54 CapabilitiesLoader [main-1] [INFO] Set custom property: capabilities.platformName; value: android
2024-04-02 20:31:54 CapabilitiesLoader [main-1] [INFO] Set custom property: capabilities.build; value: Java Carina
2024-04-02 20:31:54 CapabilitiesLoader [main-1] [INFO] Set custom property: capabilities.network; value: true
2024-04-02 20:31:54 CapabilitiesLoader [main-1] [INFO] Set custom property: capabilities.visual; value: true
2024-04-02 20:31:54 CapabilitiesLoader [main-1] [INFO] Set custom property: capabilities.appiumVersion; value: 2.3.0
2024-04-02 20:31:54 CapabilitiesLoader [main-1] [INFO] Set custom property: selenium_url; value: https://${LT_USERNAME}:${LT_ACCESS_KEY}pAR@mobile-hub.lambdatest.com/wd/hub
2024-04-02 20:31:54 CapabilitiesLoader [main-1] [INFO] Set custom property: capabilities.name; value: Test name
2024-04-02 20:31:54 CapabilitiesLoader [main-1] [INFO] Set custom property: capabilities.platformVersion; value: 14
2024-04-02 20:31:54 CapabilitiesLoader [main-1] [INFO] Set custom property: capabilities.devicelog; value: true
2024-04-02 20:31:54 CapabilitiesLoader [main-1] [INFO] Set custom property: capabilities.deviceName; value: Galaxy S24
2024-04-02 20:31:54 CapabilitiesLoader [main-1] [INFO] Set custom property: capabilities.isRealMobile; value: true
2024-04-02 20:31:54 CapabilitiesLoader [main-1] [INFO] Set custom property: capabilities.app; value: lt://APP1016026231711994548354653
2024-04-02 20:31:54 CapabilitiesLoader [main-1] [INFO] Set custom property: capabilities.autoAcceptAlerts; value: true
2024-04-02 20:31:54 TestRunRegistrar [main-1] [WARN] Reporting disabled: using no op test run registrar
2024-04-02 20:31:56 CarinaListener [main-1] [INFO] Set thread-count=1
2024-04-02 20:31:56 CarinaListener [main-1] [INFO] Set data-provider-thread-count=1
2024-04-02 20:31:56 CarinaListener [main-1] [INFO] CARINA_CORE_VERSION: 1.2.8
2024-04-02 20:31:56 TestRunRegistrar [TestNG-test=Mobile test-1] [WARN] Reporting disabled: using no op test run registrar
2024-04-02 20:31:56 Messager [TestNG-test=Mobile test-1-43] [INFO] TEST [Mobile test - AndroidApp] STARTED at [20:31:56 2024-04-02]
2024-04-02 20:31:56 DriverFactory [TestNG-test=Mobile test-1-43] [INFO] Starting driver session...
2024-04-02 20:31:57 DriverFactory [TestNG-test=Mobile test-1-43] [INFO] Starting driver session...
2024-04-02 20:31:57 Messager [TestNG-test=Mobile test-1-43] [ERROR] TEST [Mobile test - AndroidApp] FAILED at [20:31:57 2024-04-02] - java.net.URISyntaxException: Illegal character in authority at index 9: https://${LT_USERNAME}:${LT_ACCESS_KEY}pAR@mobile-hub.lambdatest.com/wd/hub

io.appium.java_client.AppiumClientConfig.baseUrl(AppiumClientConfig.java:136)
com.zebrunner.carina.webdriver.core.factory.impl.MobileFactory.create(MobileFactory.java:109)
com.zebrunner.carina.webdriver.core.factory.DriverFactory.create(DriverFactory.java:89)
com.zebrunner.carina.webdriver.IDriverPool.createDriver(IDriverPool.java:376)
com.zebrunner.carina.webdriver.IDriverPool.getDriver(IDriverPool.java:122)
com.zebrunner.carina.webdriver.IDriverPool.getDriver(IDriverPool.java:85)
com.zebrunner.carina.webdriver.IDriverPool.getDriver(IDriverPool.java:73)
com.zebrunner.carina.demo.pages.MobileSampleTest.AndroidApp(MobileSampleTest.java:41)
java.base/jdk.internal.reflect.DirectMethodHandleAccessor.invoke(DirectMethodHandleAccessor.java:103)
java.base/java.lang.reflect.Method.invoke(Method.java:580)
org.testng.internal.invokers.MethodInvocationHelper.invokeMethod(MethodInvocationHelper.java:139)
org.testng.internal.invokers.TestInvoker.invokeMethod(TestInvoker.java:664)
org.testng.internal.invokers.TestInvoker.invokeTestMethod(TestInvoker.java:227)
org.testng.internal.invokers.MethodRunner.runInSequence(MethodRunner.java:50)
org.testng.internal.invokers.TestInvoker$MethodInvocationAgent.invoke(TestInvoker.java:957)
org.testng.internal.invokers.TestInvoker.invokeTestMethods(TestInvoker.java:200)
org.testng.internal.invokers.TestMethodWorker.invokeTestMethods(TestMethodWorker.java:148)
org.testng.internal.invokers.TestMethodWorker.run(TestMethodWorker.java:128)
java.base/java.util.concurrent.ThreadPoolExecutor.runWorker(ThreadPoolExecutor.java:1144)
java.base/java.util.concurrent.ThreadPoolExecutor$Worker.run(ThreadPoolExecutor.java:642)
java.base/java.lang.Thread.run(Thread.java:1570)
]]></system-out>
    <system-err><![CDATA[java.lang.RuntimeException: java.net.URISyntaxException: Illegal character in authority at index 9: https://${LT_USERNAME}:${LT_ACCESS_KEY}pAR@mobile-hub.lambdatest.com/wd/hub
	at io.appium.java_client.AppiumClientConfig.baseUrl(AppiumClientConfig.java:136)
	at com.zebrunner.carina.webdriver.core.factory.impl.MobileFactory.create(MobileFactory.java:109)
	at com.zebrunner.carina.webdriver.core.factory.DriverFactory.create(DriverFactory.java:89)
	at com.zebrunner.carina.webdriver.IDriverPool.createDriver(IDriverPool.java:376)
	at com.zebrunner.carina.webdriver.IDriverPool.getDriver(IDriverPool.java:122)
	at com.zebrunner.carina.webdriver.IDriverPool.getDriver(IDriverPool.java:85)
	at com.zebrunner.carina.webdriver.IDriverPool.getDriver(IDriverPool.java:73)
	at com.zebrunner.carina.demo.pages.MobileSampleTest.AndroidApp(MobileSampleTest.java:27)
	at java.base/jdk.internal.reflect.DirectMethodHandleAccessor.invoke(DirectMethodHandleAccessor.java:103)
	at java.base/java.lang.reflect.Method.invoke(Method.java:580)
	at org.testng.internal.invokers.MethodInvocationHelper.invokeMethod(MethodInvocationHelper.java:139)
	at org.testng.internal.invokers.TestInvoker.invokeMethod(TestInvoker.java:664)
	at org.testng.internal.invokers.TestInvoker.invokeTestMethod(TestInvoker.java:227)
	at org.testng.internal.invokers.MethodRunner.runInSequence(MethodRunner.java:50)
	at org.testng.internal.invokers.TestInvoker$MethodInvocationAgent.invoke(TestInvoker.java:957)
	at org.testng.internal.invokers.TestInvoker.invokeTestMethods(TestInvoker.java:200)
	at org.testng.internal.invokers.TestMethodWorker.invokeTestMethods(TestMethodWorker.java:148)
	at org.testng.internal.invokers.TestMethodWorker.run(TestMethodWorker.java:128)
	at java.base/java.util.concurrent.ThreadPoolExecutor.runWorker(ThreadPoolExecutor.java:1144)
	at java.base/java.util.concurrent.ThreadPoolExecutor$Worker.run(ThreadPoolExecutor.java:642)
	at java.base/java.lang.Thread.run(Thread.java:1570)
Caused by: java.net.URISyntaxException: Illegal character in authority at index 9: https://${LT_USERNAME}:${LT_ACCESS_KEY}pAR@mobile-hub.lambdatest.com/wd/hub
	at java.base/java.net.URI$Parser.fail(URI.java:2995)
	at java.base/java.net.URI$Parser.parseAuthority(URI.java:3344)
	at java.base/java.net.URI$Parser.parseHierarchical(URI.java:3240)
	at java.base/java.net.URI$Parser.parse(URI.java:3196)
	at java.base/java.net.URI.<init>(URI.java:645)
	at java.base/java.net.URL.toURI(URL.java:1220)
	at io.appium.java_client.AppiumClientConfig.baseUrl(AppiumClientConfig.java:134)
	... 20 more
]]></system-err>
  </testcase>
</testsuite>